tcpReport: sending heartbeat #1
tcpReport: sending heartbeat #1
tcpReport: sending heartbeat #1
tcpReport: sending heartbeat #1
tcpReport: sending heartbeat #1
tcpReport: sending heartbeat #1
tcpReport: sending heartbeat #1
tcpReport: sending heartbeat #1
tcpReport: sending heartbeat #1
tcpReport: sending heartbeat #1
tcpReport: sending heartbeat #1
tcpReport: sending heartbeat #1
tcpReport: sending heartbeat #1
tcpReport: sending heartbeat #1
tcpReport: sending heartbeat #1
tcpReport: sending heartbeat #1
tcpReport: server terminated
jiangyibo mac get
jiangyibo mac get ok
jiangyibo jjj
jiangyibo 888{"name":"informResponse","version":"1.1.1","serialnumber":"123456","keyname":"ok","packet":{"shellcmd":"","date":""}}
jiangyibo name informResponse
jiangyibo program tcpReport
jiangyibo jjj
jiangyibo 888{"name":"informResponse","version":"1.1.1","serialnumber":"123456","keyname":"ok","packet":{"shellcmd":"","date":""}}
jiangyibo name informResponse
jiangyibo program tcpReport
jiangyibo jjj
jiangyibo 888{"name":"informResponse","version":"1.1.1","serialnumber":"123456","keyname":"ok","packet":{"shellcmd":"","date":""}}
jiangyibo name informResponse
jiangyibo program tcpReport
jiangyibo jjj
jiangyibo 888{"name":"informResponse","version":"1.1.1","serialnumber":"123456","keyname":"ok","packet":{"shellcmd":"","date":""}}
jiangyibo name informResponse
jiangyibo program tcpReport
jiangyibo jjj
jiangyibo 888{"name":"informResponse","version":"1.1.1","serialnumber":"123456","keyname":"ok","packet":{"shellcmd":"","date":""}}
jiangyibo name informResponse
jiangyibo program tcpReport
jiangyibo jjj
jiangyibo 888{"name":"informResponse","version":"1.1.1","serialnumber":"123456","keyname":"ok","packet":{"shellcmd":"","date":""}}
jiangyibo name informResponse
jiangyibo program tcpReport
jiangyibo jjj
jiangyibo 888{"name":"informResponse","version":"1.1.1","serialnumber":"123456","keyname":"ok","packet":{"shellcmd":"","date":""}}
jiangyibo name informResponse
jiangyibo program tcpReport
jiangyibo jjj
jiangyibo 888{"name":"informResponse","version":"1.1.1","serialnumber":"123456","keyname":"ok","packet":{"shellcmd":"","date":""}}
jiangyibo name informResponse
jiangyibo program tcpReport
jiangyibo jjj
jiangyibo 888{"name":"informResponse","version":"1.1.1","serialnumber":"123456","keyname":"ok","packet":{"shellcmd":"","date":""}}
jiangyibo name informResponse
jiangyibo program tcpReport
jiangyibo jjj
jiangyibo 888{"name":"informResponse","version":"1.1.1","serialnumber":"123456","keyname":"ok","packet":{"shellcmd":"","date":""}}
jiangyibo name informResponse
jiangyibo program tcpReport
jiangyibo jjj
jiangyibo 888{"name":"informResponse","version":"1.1.1","serialnumber":"123456","keyname":"ok","packet":{"shellcmd":"","date":""}}
jiangyibo name informResponse
jiangyibo program tcpReport
jiangyibo jjj
jiangyibo 888{"name":"informResponse","version":"1.1.1","serialnumber":"123456","keyname":"ok","packet":{"shellcmd":"","date":""}}
jiangyibo name informResponse
jiangyibo program tcpReport
jiangyibo jjj
jiangyibo 888{"name":"informResponse","version":"1.1.1","serialnumber":"123456","keyname":"ok","packet":{"shellcmd":"","date":""}}
jiangyibo name informResponse
jiangyibo program tcpReport
jiangyibo jjj
jiangyibo 888{"name":"informResponse","version":"1.1.1","serialnumber":"123456","keyname":"ok","packet":{"shellcmd":"","date":""}}
jiangyibo name informResponse
jiangyibo program tcpReport
jiangyibo jjj
jiangyibo 888{"name":"informResponse","version":"1.1.1","serialnumber":"123456","keyname":"ok","packet":{"shellcmd":"","date":""}}
jiangyibo name informResponse
jiangyibo program tcpReport
jiangyibo jjj
jiangyibo 888{"name":"informResponse","version":"1.1.1","serialnumber":"123456","keyname":"ok","packet":{"shellcmd":"","date":""}}
jiangyibo name informResponse
jiangyibo program tcpReport
jiangyibo jjj
jiangyibo 888{"name":"informResponse","version":"1.1.1","serialnumber":"123456","keyname":"ok","packet":{"shellcmd":"","date":""}}
jiangyibo name informResponse
jiangyibo jjj
jiangyibo program tcpReport
connect failed 111
connect failed 111
connect failed 111
connect failed 111
connect failed 111
connect failed 111
connect failed 111
connect failed 111
connect failed 111
connect failed 111
connect failed 111
connect failed 111
connect failed 111
connect failed 111
connect failed 111
connect failed 111
connect failed 111
connect failed 111
connect failed 111
connect failed 111
connect failed 111
connect failed 111
connect failed 111
connect failed 111
connect failed 111
connect failed 111
connect failed 111
connect failed 111
connect failed 111
connect failed 111
connect failed 111
contcpReport: sending heartbeat #1
tcpReport: server terminated
nect failed 111
connect failed 111
connect failed 111
connect failed 111
connect failed 111
connect failed 111
connect failed 111
connect failed 111
connect failed 111
connect failed 111
connect failed 111
connect failed 111
connect failed 111
connect failed 111
connect failed 111
connect failed 111
connect failed 111
connect failed 111
connect failed 111
connect failed 111
connect failed 111
connect failed 111
connect failed 111
connect failed 111
connect failed 111
connect failed 111
connect failed 111
connect failed 111
connect failed 111
connect failed 111
connect failed 111
connect failed 111
connect failed 111
connect failed 111
connect failed 111
connect failed 111
connect failed 111
connect failed 111
connect failed 111
connect failed 111
connect failed 111
connect failed 111
connect failed 111
connect failed 111
connect failed 111
connect failed 111
connect failed 111
connect failed 111
connect failed 111
connect failed 111
connect failed 111
connect failed 111
connect failed 111
connect failed 111
connect failed 111
connect failed 111
connect failed 111
connect failed 111
connect failed 111
connect failed 111
connect failed 111
connect failed 111
connect failed 111
jiangyibo jjj
jiangyibo 888{"name":"informResponse","version":"1.1.1","serialnumber":"123456","keyname":"ok","packet":{"shellcmd":"","date":""}}
jiangyibo name informResponse
jiangyibo program tcpReport
jiangyibo jjj
jiangyibo 888{"name":"informResponse","version":"1.1.1","serialnumber":"123456","keyname":"ok","packet":{"shellcmd":"","date":""}}
jiangyibo name informResponse
jiangyibo jjj
jiangyibo program tcpReport
connect failed 111
connect failed 111
connect failed 111
connect failed 111
connect failed 111
connect failed 111
connect failed 111
connect failed 111
connect failed 111
connect failed 111
connect failed 111
connect failed 111
connect failed 111
connect failed 111
connect failed 111
connect failed 111
connect failed 111
connect failed 111
connect failed 111
connect failed 111
connect failed 111
connect failed 111
connect failed 111
connect failed 111
connect failed 111
connect failed 111
connect failed 111
connect failed 111
connect failed 111
connect failed 111
connect failed 111
connect failed 111
connect failed 111
connect failed 111
connect failed 111
connect failed 111
connect failed 111
connect failed 111
connect failed 111
connect failed 111
connect failed 111
connect failed 111
connect failed 111
connect failed 111
connect failed 111
connect failed 111
connect failed 111
connect failed 111
connect failed 111
connect failed 111
connect failed 111
connect failed 111
connect failed 111
connect failed 111
connect failed 111
connect failed 111
connect failed 111
connect failed 111
connect failed 111
connect failed 111
connect failed 111
connect failed 111
connect failed 111
connect failed 111
connect failed 111
connect failed 111
connect failed 111
connect failed 111
connect failed 111
connect failed 111
connect failed 111
connect failed 111
connect failed 111
connect failed 111
connect failed 111
connect failed 111
connect failed 111
connect failed 111
connect failed 111
connect failed 111
connect failed 111
connect failed 111
connect failed 111
connect failed 111
connect failed 111
connect failed 111
connect failed 111
connect failed 111
connect failed 111
connect failed 111
connect failed 111
connect failed 111
connect failed 111
connect failed 111
connect failed 111
connect failed 111
connect failed 111
connect failed 111
connect failed 111
connect failed 111
connect failed 111
connect failed 111
connect failed 111
connect failed 111
connect failed 111
connect failed 111
connect failed 111
connect failed 111
connect failed 111
connect failed 111
connect failed 111
connect failed 111
connect failed 111
connect failed 111
connect failed 111
connect failed 111
connect failed 111
connect failed 111
connect failed 111
connect failed 111
connect failed 111
connect failed 111
connect failed 111
connect failed 111
connect failed 111
connect failed 111
connect failed 111
connect failed 111
connect failed 111
connect failed 111
connect failtcpReport: sending heartbeat #1
tcpReport: sending heartbeat #1
tcpReport: sending heartbeat #1
tcpReport: sending heartbeat #1
tcpReport: sending heartbeat #1
tcpReport: sending heartbeat #1
tcpReport: sending heartbeat #1
tcpReport: sending heartbeat #1
tcpReport: sending heartbeat #1
tcpReport: sending heartbeat #1
tcpReport: sending heartbeat #1
tcpReport: sending heartbeat #1
tcpReport: sending heartbeat #1
tcpReport: sending heartbeat #1
tcpReport: sending heartbeat #1
tcpReport: sending heartbeat #1
tcpReport: sending heartbeat #1
ed 111
connect failed 111
connect failed 111
connect failed 111
connect failed 111
connect failed 111
connect failed 111
connect failed 111
connect failed 111
connect failed 111
connect failed 111
connect failed 111
connect failed 111
connect failed 111
connect failed 111
connect failed 111
connect failed 111
connect failed 111
connect failed 111
connect failed 111
connect failed 111
connect failed 111
connect failed 111
connect failed 111
connect failed 111
connect failed 111
connect failed 111
jiangyibo jjj
jiangyibo 888{"name":"informResponse","version":"1.1.1","serialnumber":"123456","keyname":"ok","packet":{"shellcmd":"","date":""}}
jiangyibo name informResponse
jiangyibo program tcpReport
jiangyibo jjj
jiangyibo 888{"name":"informResponse","version":"1.1.1","serialnumber":"123456","keyname":"ok","packet":{"shellcmd":"","date":""}}
jiangyibo name informResponse
jiangyibo program tcpReport
jiangyibo jjj
jiangyibo 888{"name":"informResponse","version":"1.1.1","serialnumber":"123456","keyname":"ok","packet":{"shellcmd":"","date":""}}
jiangyibo name informResponse
jiangyibo program tcpReport
jiangyibo jjj
jiangyibo 888{"name":"informResponse","version":"1.1.1","serialnumber":"123456","keyname":"ok","packet":{"shellcmd":"","date":""}}
jiangyibo name informResponse
jiangyibo program tcpReport
jiangyibo jjj
jiangyibo 888{"name":"informResponse","version":"1.1.1","serialnumber":"123456","keyname":"ok","packet":{"shellcmd":"","date":""}}
jiangyibo name informResponse
jiangyibo program tcpReport
jiangyibo jjj
jiangyibo 888{"name":"informResponse","version":"1.1.1","serialnumber":"123456","keyname":"ok","packet":{"shellcmd":"","date":""}}
jiangyibo name informResponse
jiangyibo program tcpReport
jiangyibo jjj
jiangyibo 888{"name":"informResponse","version":"1.1.1","serialnumber":"123456","keyname":"ok","packet":{"shellcmd":"","date":""}}
jiangyibo name informResponse
jiangyibo program tcpReport
jiangyibo jjj
jiangyibo 888{"name":"informResponse","version":"1.1.1","serialnumber":"123456","keyname":"ok","packet":{"shellcmd":"","date":""}}
jiangyibo name informResponse
jiangyibo program tcpReport
jiangyibo jjj
jiangyibo 888{"name":"informResponse","version":"1.1.1","serialnumber":"123456","keyname":"ok","packet":{"shellcmd":"","date":""}}
jiangyibo name informResponse
jiangyibo program tcpReport
jiangyibo jjj
jiangyibo 888{"name":"informResponse","version":"1.1.1","serialnumber":"123456","keyname":"ok","packet":{"shellcmd":"","date":""}}
jiangyibo name informResponse
jiangyibo program tcpReport
jiangyibo jjj
jiangyibo 888{"name":"informResponse","version":"1.1.1","serialnumber":"123456","keyname":"ok","packet":{"shellcmd":"","date":""}}
jiangyibo name informResponse
jiangyibo program tcpReport
jiangyibo jjj
jiangyibo 888{"name":"informResponse","version":"1.1.1","serialnumber":"123456","keyname":"ok","packet":{"shellcmd":"","date":""}}
jiangyibo name informResponse
jiangyibo program tcpReport
jiangyibo jjj
jiangyibo 888{"name":"informResponse","version":"1.1.1","serialnumber":"123456","keyname":"ok","packet":{"shellcmd":"","date":""}}
jiangyibo name informResponse
jiangyibo program tcpReport
jiangyibo jjj
jiangyibo 888{"name":"informResponse","version":"1.1.1","serialnumber":"123456","keyname":"ok","packet":{"shellcmd":"","date":""}}
jiangyibo name informResponse
jiangyibo program tcpReport
jiangyibo jjj
jiangyibo 888{"name":"informResponse","version":"1.1.1","serialnumber":"123456","keyname":"ok","packet":{"shellcmd":"","date":""}}
jiangyibo name informResponse
jiangyibo program tcpReport
jiangyibo jjj
jiangyibo 888{"name":"informResponse","version":"1.1.1","serialnumber":"123456","keyname":"ok","packet":{"shellcmd":"","date":""}}
jiangyibo name informResponse
jiangyibo program tcpReport
jiangyibo jjj
jiangyibo 888{"name":"informResponse","version":"1.1.1","serialnumber":"123456","keyname":"ok","packet":{"shellcmd":"","date":""}}
jiangyibo name informResponse
jiangyibo program tcpReport
jiangyibo jjj
jiangyibo 888{"name":"informResponse","version":"1.1.1","serialnumber":"123456","keyname":"ok","packet":{"shellcmd":"","date":""}}tcpReport: sending heartbeat #1
tcpReport: sending heartbeat #1
tcpReport: sending heartbeat #1
tcpReport: sending heartbeat #1
tcpReport: sending heartbeat #1
tcpReport: sending heartbeat #1
tcpReport: sending heartbeat #1
tcpReport: sending heartbeat #1
tcpReport: sending heartbeat #1
tcpReport: sending heartbeat #1
tcpReport: sending heartbeat #1
tcpReport: sending heartbeat #1
tcpReport: sending heartbeat #1
tcpReport: sending heartbeat #1
tcpReport: sending heartbeat #1
tcpReport: sending heartbeat #1
tcpReport: sending heartbeat #1
tcpReport: sending heartbeat #1
tcpReport: sending heartbeat #1
tcpReport: sending heartbeat #1

jiangyibo name informResponse
jiangyibo program tcpReport
jiangyibo jjj
jiangyibo 888{"name":"informResponse","version":"1.1.1","serialnumber":"123456","keyname":"ok","packet":{"shellcmd":"","date":""}}
jiangyibo name informResponse
jiangyibo program tcpReport
jiangyibo jjj
jiangyibo 888{"name":"informResponse","version":"1.1.1","serialnumber":"123456","keyname":"ok","packet":{"shellcmd":"","date":""}}
jiangyibo name informResponse
jiangyibo program tcpReport
jiangyibo jjj
jiangyibo 888{"name":"informResponse","version":"1.1.1","serialnumber":"123456","keyname":"ok","packet":{"shellcmd":"","date":""}}
jiangyibo name informResponse
jiangyibo program tcpReport
jiangyibo jjj
jiangyibo 888{"name":"informResponse","version":"1.1.1","serialnumber":"123456","keyname":"ok","packet":{"shellcmd":"","date":""}}
jiangyibo name informResponse
jiangyibo program tcpReport
jiangyibo jjj
jiangyibo 888{"name":"informResponse","version":"1.1.1","serialnumber":"123456","keyname":"ok","packet":{"shellcmd":"","date":""}}
jiangyibo name informResponse
jiangyibo program tcpReport
jiangyibo jjj
jiangyibo 888{"name":"informResponse","version":"1.1.1","serialnumber":"123456","keyname":"ok","packet":{"shellcmd":"","date":""}}
jiangyibo name informResponse
jiangyibo program tcpReport
jiangyibo jjj
jiangyibo 888{"name":"informResponse","version":"1.1.1","serialnumber":"123456","keyname":"ok","packet":{"shellcmd":"","date":""}}
jiangyibo name informResponse
jiangyibo program tcpReport
jiangyibo jjj
jiangyibo 888{"name":"informResponse","version":"1.1.1","serialnumber":"123456","keyname":"ok","packet":{"shellcmd":"","date":""}}
jiangyibo name informResponse
jiangyibo program tcpReport
jiangyibo jjj
jiangyibo 888{"name":"informResponse","version":"1.1.1","serialnumber":"123456","keyname":"ok","packet":{"shellcmd":"","date":""}}
jiangyibo name informResponse
jiangyibo program tcpReport
jiangyibo jjj
jiangyibo 888{"name":"informResponse","version":"1.1.1","serialnumber":"123456","keyname":"ok","packet":{"shellcmd":"","date":""}}
jiangyibo name informResponse
jiangyibo program tcpReport
jiangyibo jjj
jiangyibo 888{"name":"informResponse","version":"1.1.1","serialnumber":"123456","keyname":"ok","packet":{"shellcmd":"","date":""}}
jiangyibo name informResponse
jiangyibo program tcpReport
jiangyibo jjj
jiangyibo 888{"name":"informResponse","version":"1.1.1","serialnumber":"123456","keyname":"ok","packet":{"shellcmd":"","date":""}}
jiangyibo name informResponse
jiangyibo program tcpReport
jiangyibo jjj
jiangyibo 888{"name":"informResponse","version":"1.1.1","serialnumber":"123456","keyname":"ok","packet":{"shellcmd":"","date":""}}
jiangyibo name informResponse
jiangyibo program tcpReport
jiangyibo jjj
jiangyibo 888{"name":"informResponse","version":"1.1.1","serialnumber":"123456","keyname":"ok","packet":{"shellcmd":"","date":""}}
jiangyibo name informResponse
jiangyibo program tcpReport
jiangyibo jjj
jiangyibo 888{"name":"informResponse","version":"1.1.1","serialnumber":"123456","keyname":"ok","packet":{"shellcmd":"","date":""}}
jiangyibo name informResponse
jiangyibo program tcpReport
jiangyibo jjj
jiangyibo 888{"name":"informResponse","version":"1.1.1","serialnumber":"123456","keyname":"ok","packet":{"shellcmd":"","date":""}}
jiangyibo name informResponse
jiangyibo program tcpReport
jiangyibo jjj
jiangyibo 888{"name":"informResponse","version":"1.1.1","serialnumber":"123456","keyname":"ok","packet":{"shellcmd":"","date":""}}
jiangyibo name informResponse
jiangyibo program tcpReport
jiangyibo jjj
jiangyibo 888{"name":"informResponse","version":"1.1.1","serialnumber":"123456","keyname":"ok","packet":{"shellcmd":"","date":""}}
jiangyibo name informResponse
jiangyibo program tcpReport
jiangyibo jjj
jiangyibo 888{"name":"informResponse","version":"1.1.1","serialnumber":"123456","keyname":"ok","packet":{"shellcmd":"","date":""}}
jiangyibo name informResponse
jiangyibo program tcpReport
jiangyibo jjj
jiangyibo 888{"name":"informResponse","version":"1.1.1","serialnumber":"123456","keyname":"ok","packet":{"shellcmd":"","date":""}}
jiangyibo name informResponse
jiangtcpReport: sending heartbeat #1
tcpReport: sending heartbeat #1
tcpReport: sending heartbeat #1
tcpReport: sending heartbeat #1
tcpReport: sending heartbeat #1
tcpReport: sending heartbeat #1
tcpReport: sending heartbeat #1
tcpReport: sending heartbeat #1
tcpReport: sending heartbeat #1
tcpReport: sending heartbeat #1
tcpReport: sending heartbeat #1
tcpReport: sending heartbeat #1
tcpReport: sending heartbeat #1
tcpReport: sending heartbeat #1
tcpReport: sending heartbeat #1
tcpReport: sending heartbeat #1
tcpReport: sending heartbeat #1
tcpReport: sending heartbeat #1
tcpReport: sending heartbeat #1
tcpReport: sending heartbeat #1
tcpReport: sending heartbeat #1
yibo program tcpReport
jiangyibo jjj
jiangyibo 888{"name":"informResponse","version":"1.1.1","serialnumber":"123456","keyname":"ok","packet":{"shellcmd":"","date":""}}
jiangyibo name informResponse
jiangyibo program tcpReport
jiangyibo jjj
jiangyibo 888{"name":"informResponse","version":"1.1.1","serialnumber":"123456","keyname":"ok","packet":{"shellcmd":"","date":""}}
jiangyibo name informResponse
jiangyibo program tcpReport
jiangyibo jjj
jiangyibo 888{"name":"informResponse","version":"1.1.1","serialnumber":"123456","keyname":"ok","packet":{"shellcmd":"","date":""}}
jiangyibo name informResponse
jiangyibo program tcpReport
jiangyibo jjj
jiangyibo 888{"name":"informResponse","version":"1.1.1","serialnumber":"123456","keyname":"ok","packet":{"shellcmd":"","date":""}}
jiangyibo name informResponse
jiangyibo program tcpReport
jiangyibo jjj
jiangyibo 888{"name":"informResponse","version":"1.1.1","serialnumber":"123456","keyname":"ok","packet":{"shellcmd":"","date":""}}
jiangyibo name informResponse
jiangyibo program tcpReport
jiangyibo jjj
jiangyibo 888{"name":"informResponse","version":"1.1.1","serialnumber":"123456","keyname":"ok","packet":{"shellcmd":"","date":""}}
jiangyibo name informResponse
jiangyibo program tcpReport
jiangyibo jjj
jiangyibo 888{"name":"informResponse","version":"1.1.1","serialnumber":"123456","keyname":"ok","packet":{"shellcmd":"","date":""}}
jiangyibo name informResponse
jiangyibo program tcpReport
jiangyibo jjj
jiangyibo 888{"name":"informResponse","version":"1.1.1","serialnumber":"123456","keyname":"ok","packet":{"shellcmd":"","date":""}}
jiangyibo name informResponse
jiangyibo program tcpReport
jiangyibo jjj
jiangyibo 888{"name":"informResponse","version":"1.1.1","serialnumber":"123456","keyname":"ok","packet":{"shellcmd":"","date":""}}
jiangyibo name informResponse
jiangyibo program tcpReport
jiangyibo jjj
jiangyibo 888{"name":"informResponse","version":"1.1.1","serialnumber":"123456","keyname":"ok","packet":{"shellcmd":"","date":""}}
jiangyibo name informResponse
jiangyibo program tcpReport
jiangyibo jjj
jiangyibo 888{"name":"informResponse","version":"1.1.1","serialnumber":"123456","keyname":"ok","packet":{"shellcmd":"","date":""}}
jiangyibo name informResponse
jiangyibo program tcpReport
jiangyibo jjj
jiangyibo 888{"name":"informResponse","version":"1.1.1","serialnumber":"123456","keyname":"ok","packet":{"shellcmd":"","date":""}}
jiangyibo name informResponse
jiangyibo program tcpReport
jiangyibo jjj
jiangyibo 888{"name":"informResponse","version":"1.1.1","serialnumber":"123456","keyname":"ok","packet":{"shellcmd":"","date":""}}
jiangyibo name informResponse
jiangyibo program tcpReport
jiangyibo jjj
jiangyibo 888{"name":"informResponse","version":"1.1.1","serialnumber":"123456","keyname":"ok","packet":{"shellcmd":"","date":""}}
jiangyibo name informResponse
jiangyibo program tcpReport
jiangyibo jjj
jiangyibo 888{"name":"informResponse","version":"1.1.1","serialnumber":"123456","keyname":"ok","packet":{"shellcmd":"","date":""}}
jiangyibo name informResponse
jiangyibo program tcpReport
jiangyibo jjj
jiangyibo 888{"name":"informResponse","version":"1.1.1","serialnumber":"123456","keyname":"ok","packet":{"shellcmd":"","date":""}}
jiangyibo name informResponse
jiangyibo program tcpReport
jiangyibo jjj
jiangyibo 888{"name":"informResponse","version":"1.1.1","serialnumber":"123456","keyname":"ok","packet":{"shellcmd":"","date":""}}
jiangyibo name informResponse
jiangyibo program tcpReport
jiangyibo jjj
jiangyibo 888{"name":"informResponse","version":"1.1.1","serialnumber":"123456","keyname":"ok","packet":{"shellcmd":"","date":""}}
jiangyibo name informResponse
jiangyibo program tcpReport
jiangyibo jjj
jiangyibo 888{"name":"informResponse","version":"1.1.1","serialnumber":"123456","keyname":"ok","packet":{"shellcmd":"","date":""}}
jiangyibo name informResponse
jiangyibo program tcpReport
jiangyibo jjj
jiangyibo 888{"name":"informResponse","version":"1.1.1","serialnumber":"123456","keyname":"ok","packet":{"shellcmd":"","date":""}}
jiangyibo name informResponse
jiangyibo program tcpReport
jiangyibo jjjtcpReport: sending heartbeat #1
tcpReport: sending heartbeat #1
tcpReport: sending heartbeat #1
tcpReport: sending heartbeat #1
tcpReport: sending heartbeat #1
tcpReport: sending heartbeat #1
tcpReport: sending heartbeat #1
tcpReport: sending heartbeat #1
tcpReport: sending heartbeat #1
tcpReport: sending heartbeat #1
tcpReport: sending heartbeat #1
tcpReport: sending heartbeat #1
tcpReport: sending heartbeat #1
tcpReport: sending heartbeat #1
tcpReport: sending heartbeat #1
tcpReport: sending heartbeat #1
tcpReport: sending heartbeat #1
tcpReport: sending heartbeat #1
tcpReport: sending heartbeat #1
tcpReport: sending heartbeat #1

jiangyibo 888{"name":"informResponse","version":"1.1.1","serialnumber":"123456","keyname":"ok","packet":{"shellcmd":"","date":""}}
jiangyibo name informResponse
jiangyibo program tcpReport
jiangyibo jjj
jiangyibo 888{"name":"informResponse","version":"1.1.1","serialnumber":"123456","keyname":"ok","packet":{"shellcmd":"","date":""}}
jiangyibo name informResponse
jiangyibo program tcpReport
jiangyibo jjj
jiangyibo 888{"name":"informResponse","version":"1.1.1","serialnumber":"123456","keyname":"ok","packet":{"shellcmd":"","date":""}}
jiangyibo name informResponse
jiangyibo program tcpReport
jiangyibo jjj
jiangyibo 888{"name":"informResponse","version":"1.1.1","serialnumber":"123456","keyname":"ok","packet":{"shellcmd":"","date":""}}
jiangyibo name informResponse
jiangyibo program tcpReport
jiangyibo jjj
jiangyibo 888{"name":"informResponse","version":"1.1.1","serialnumber":"123456","keyname":"ok","packet":{"shellcmd":"","date":""}}
jiangyibo name informResponse
jiangyibo program tcpReport
jiangyibo jjj
jiangyibo 888{"name":"informResponse","version":"1.1.1","serialnumber":"123456","keyname":"ok","packet":{"shellcmd":"","date":""}}
jiangyibo name informResponse
jiangyibo program tcpReport
jiangyibo jjj
jiangyibo 888{"name":"informResponse","version":"1.1.1","serialnumber":"123456","keyname":"ok","packet":{"shellcmd":"","date":""}}
jiangyibo name informResponse
jiangyibo program tcpReport
jiangyibo jjj
jiangyibo 888{"name":"informResponse","version":"1.1.1","serialnumber":"123456","keyname":"ok","packet":{"shellcmd":"","date":""}}
jiangyibo name informResponse
jiangyibo program tcpReport
jiangyibo jjj
jiangyibo 888{"name":"informResponse","version":"1.1.1","serialnumber":"123456","keyname":"ok","packet":{"shellcmd":"","date":""}}
jiangyibo name informResponse
jiangyibo program tcpReport
jiangyibo jjj
jiangyibo 888{"name":"informResponse","version":"1.1.1","serialnumber":"123456","keyname":"ok","packet":{"shellcmd":"","date":""}}
jiangyibo name informResponse
jiangyibo program tcpReport
jiangyibo jjj
jiangyibo 888{"name":"informResponse","version":"1.1.1","serialnumber":"123456","keyname":"ok","packet":{"shellcmd":"","date":""}}
jiangyibo name informResponse
jiangyibo program tcpReport
jiangyibo jjj
jiangyibo 888{"name":"informResponse","version":"1.1.1","serialnumber":"123456","keyname":"ok","packet":{"shellcmd":"","date":""}}
jiangyibo name informResponse
jiangyibo program tcpReport
jiangyibo jjj
jiangyibo 888{"name":"informResponse","version":"1.1.1","serialnumber":"123456","keyname":"ok","packet":{"shellcmd":"","date":""}}
jiangyibo name informResponse
jiangyibo program tcpReport
jiangyibo jjj
jiangyibo 888{"name":"informResponse","version":"1.1.1","serialnumber":"123456","keyname":"ok","packet":{"shellcmd":"","date":""}}
jiangyibo name informResponse
jiangyibo program tcpReport
jiangyibo jjj
jiangyibo 888{"name":"informResponse","version":"1.1.1","serialnumber":"123456","keyname":"ok","packet":{"shellcmd":"","date":""}}
jiangyibo name informResponse
jiangyibo program tcpReport
jiangyibo jjj
jiangyibo 888{"name":"informResponse","version":"1.1.1","serialnumber":"123456","keyname":"ok","packet":{"shellcmd":"","date":""}}
jiangyibo name informResponse
jiangyibo program tcpReport
jiangyibo jjj
jiangyibo 888{"name":"informResponse","version":"1.1.1","serialnumber":"123456","keyname":"ok","packet":{"shellcmd":"","date":""}}
jiangyibo name informResponse
jiangyibo program tcpReport
jiangyibo jjj
jiangyibo 888{"name":"informResponse","version":"1.1.1","serialnumber":"123456","keyname":"ok","packet":{"shellcmd":"","date":""}}
jiangyibo name informResponse
jiangyibo program tcpReport
jiangyibo jjj
jiangyibo 888{"name":"informResponse","version":"1.1.1","serialnumber":"123456","keyname":"ok","packet":{"shellcmd":"","date":""}}
jiangyibo name informResponse
jiangyibo program tcpReport
jiangyibo jjj
jiangyibo 888{"name":"informResponse","version":"1.1.1","serialnumber":"123456","keyname":"ok","packet":{"shellcmd":"","date":""}}
jiangyibo name informResponse
jiangyibo program tcpReport
jiangyibo jjj
jiangyibo 888{"name":"informResponstcpReport: sending heartbeat #1
tcpReport: sending heartbeat #1
tcpReport: sending heartbeat #1
tcpReport: sending heartbeat #1
tcpReport: sending heartbeat #1
tcpReport: sending heartbeat #1
tcpReport: sending heartbeat #1
tcpReport: sending heartbeat #1
tcpReport: sending heartbeat #1
tcpReport: sending heartbeat #1
tcpReport: sending heartbeat #1
tcpReport: sending heartbeat #1
tcpReport: sending heartbeat #1
tcpReport: sending heartbeat #1
tcpReport: sending heartbeat #1
tcpReport: sending heartbeat #1
tcpReport: sending heartbeat #1
tcpReport: sending heartbeat #1
tcpReport: sending heartbeat #1
tcpReport: sending heartbeat #1
e","version":"1.1.1","serialnumber":"123456","keyname":"ok","packet":{"shellcmd":"","date":""}}
jiangyibo name informResponse
jiangyibo program tcpReport
jiangyibo jjj
jiangyibo 888{"name":"informResponse","version":"1.1.1","serialnumber":"123456","keyname":"ok","packet":{"shellcmd":"","date":""}}
jiangyibo name informResponse
jiangyibo program tcpReport
jiangyibo jjj
jiangyibo 888{"name":"informResponse","version":"1.1.1","serialnumber":"123456","keyname":"ok","packet":{"shellcmd":"","date":""}}
jiangyibo name informResponse
jiangyibo program tcpReport
jiangyibo jjj
jiangyibo 888{"name":"informResponse","version":"1.1.1","serialnumber":"123456","keyname":"ok","packet":{"shellcmd":"","date":""}}
jiangyibo name informResponse
jiangyibo program tcpReport
jiangyibo jjj
jiangyibo 888{"name":"informResponse","version":"1.1.1","serialnumber":"123456","keyname":"ok","packet":{"shellcmd":"","date":""}}
jiangyibo name informResponse
jiangyibo program tcpReport
jiangyibo jjj
jiangyibo 888{"name":"informResponse","version":"1.1.1","serialnumber":"123456","keyname":"ok","packet":{"shellcmd":"","date":""}}
jiangyibo name informResponse
jiangyibo program tcpReport
jiangyibo jjj
jiangyibo 888{"name":"informResponse","version":"1.1.1","serialnumber":"123456","keyname":"ok","packet":{"shellcmd":"","date":""}}
jiangyibo name informResponse
jiangyibo program tcpReport
jiangyibo jjj
jiangyibo 888{"name":"informResponse","version":"1.1.1","serialnumber":"123456","keyname":"ok","packet":{"shellcmd":"","date":""}}
jiangyibo name informResponse
jiangyibo program tcpReport
jiangyibo jjj
jiangyibo 888{"name":"informResponse","version":"1.1.1","serialnumber":"123456","keyname":"ok","packet":{"shellcmd":"","date":""}}
jiangyibo name informResponse
jiangyibo program tcpReport
jiangyibo jjj
jiangyibo 888{"name":"informResponse","version":"1.1.1","serialnumber":"123456","keyname":"ok","packet":{"shellcmd":"","date":""}}
jiangyibo name informResponse
jiangyibo program tcpReport
jiangyibo jjj
jiangyibo 888{"name":"informResponse","version":"1.1.1","serialnumber":"123456","keyname":"ok","packet":{"shellcmd":"","date":""}}
jiangyibo name informResponse
jiangyibo program tcpReport
jiangyibo jjj
jiangyibo 888{"name":"informResponse","version":"1.1.1","serialnumber":"123456","keyname":"ok","packet":{"shellcmd":"","date":""}}
jiangyibo name informResponse
jiangyibo program tcpReport
jiangyibo jjj
jiangyibo 888{"name":"informResponse","version":"1.1.1","serialnumber":"123456","keyname":"ok","packet":{"shellcmd":"","date":""}}
jiangyibo name informResponse
jiangyibo program tcpReport
jiangyibo jjj
jiangyibo 888{"name":"informResponse","version":"1.1.1","serialnumber":"123456","keyname":"ok","packet":{"shellcmd":"","date":""}}
jiangyibo name informResponse
jiangyibo program tcpReport
jiangyibo jjj
jiangyibo 888{"name":"informResponse","version":"1.1.1","serialnumber":"123456","keyname":"ok","packet":{"shellcmd":"","date":""}}
jiangyibo name informResponse
jiangyibo program tcpReport
jiangyibo jjj
jiangyibo 888{"name":"informResponse","version":"1.1.1","serialnumber":"123456","keyname":"ok","packet":{"shellcmd":"","date":""}}
jiangyibo name informResponse
jiangyibo program tcpReport
jiangyibo jjj
jiangyibo 888{"name":"informResponse","version":"1.1.1","serialnumber":"123456","keyname":"ok","packet":{"shellcmd":"","date":""}}
jiangyibo name informResponse
jiangyibo program tcpReport
jiangyibo jjj
jiangyibo 888{"name":"informResponse","version":"1.1.1","serialnumber":"123456","keyname":"ok","packet":{"shellcmd":"","date":""}}
jiangyibo name informResponse
jiangyibo program tcpReport
jiangyibo jjj
jiangyibo 888{"name":"informResponse","version":"1.1.1","serialnumber":"123456","keyname":"ok","packet":{"shellcmd":"","date":""}}
jiangyibo name informResponse
jiangyibo program tcpReport
jiangyibo jjj
jiangyibo 888{"name":"informResponse","version":"1.1.1","serialnumber":"123456","keyname":"ok","packet":{"shellcmd":"","date":""}}
jiangyibo name informResponse
jiangyibo program tcpReport
jiangyibo jjj
jiangyibo 888{"name":"informResponse","version":"1.1.1","serialnumber":tcpReport: sending heartbeat #1
tcpReport: sending heartbeat #1
tcpReport: sending heartbeat #1
tcpReport: sending heartbeat #1
tcpReport: sending heartbeat #1
tcpReport: sending heartbeat #1
tcpReport: sending heartbeat #1
tcpReport: sending heartbeat #1
tcpReport: sending heartbeat #1
tcpReport: sending heartbeat #1
tcpReport: sending heartbeat #1
tcpReport: sending heartbeat #1
tcpReport: sending heartbeat #1
tcpReport: sending heartbeat #1
tcpReport: sending heartbeat #1
tcpReport: sending heartbeat #1
tcpReport: sending heartbeat #1
tcpReport: sending heartbeat #1
tcpReport: sending heartbeat #1
tcpReport: sending heartbeat #1
"123456","keyname":"ok","packet":{"shellcmd":"","date":""}}
jiangyibo name informResponse
jiangyibo program tcpReport
jiangyibo jjj
jiangyibo 888{"name":"informResponse","version":"1.1.1","serialnumber":"123456","keyname":"ok","packet":{"shellcmd":"","date":""}}
jiangyibo name informResponse
jiangyibo program tcpReport
jiangyibo jjj
jiangyibo 888{"name":"informResponse","version":"1.1.1","serialnumber":"123456","keyname":"ok","packet":{"shellcmd":"","date":""}}
jiangyibo name informResponse
jiangyibo program tcpReport
jiangyibo jjj
jiangyibo 888{"name":"informResponse","version":"1.1.1","serialnumber":"123456","keyname":"ok","packet":{"shellcmd":"","date":""}}
jiangyibo name informResponse
jiangyibo program tcpReport
jiangyibo jjj
jiangyibo 888{"name":"informResponse","version":"1.1.1","serialnumber":"123456","keyname":"ok","packet":{"shellcmd":"","date":""}}
jiangyibo name informResponse
jiangyibo program tcpReport
jiangyibo jjj
jiangyibo 888{"name":"informResponse","version":"1.1.1","serialnumber":"123456","keyname":"ok","packet":{"shellcmd":"","date":""}}
jiangyibo name informResponse
jiangyibo program tcpReport
jiangyibo jjj
jiangyibo 888{"name":"informResponse","version":"1.1.1","serialnumber":"123456","keyname":"ok","packet":{"shellcmd":"","date":""}}
jiangyibo name informResponse
jiangyibo program tcpReport
jiangyibo jjj
jiangyibo 888{"name":"informResponse","version":"1.1.1","serialnumber":"123456","keyname":"ok","packet":{"shellcmd":"","date":""}}
jiangyibo name informResponse
jiangyibo program tcpReport
jiangyibo jjj
jiangyibo 888{"name":"informResponse","version":"1.1.1","serialnumber":"123456","keyname":"ok","packet":{"shellcmd":"","date":""}}
jiangyibo name informResponse
jiangyibo program tcpReport
jiangyibo jjj
jiangyibo 888{"name":"informResponse","version":"1.1.1","serialnumber":"123456","keyname":"ok","packet":{"shellcmd":"","date":""}}
jiangyibo name informResponse
jiangyibo program tcpReport
jiangyibo jjj
jiangyibo 888{"name":"informResponse","version":"1.1.1","serialnumber":"123456","keyname":"ok","packet":{"shellcmd":"","date":""}}
jiangyibo name informResponse
jiangyibo program tcpReport
jiangyibo jjj
jiangyibo 888{"name":"informResponse","version":"1.1.1","serialnumber":"123456","keyname":"ok","packet":{"shellcmd":"","date":""}}
jiangyibo name informResponse
jiangyibo program tcpReport
jiangyibo jjj
jiangyibo 888{"name":"informResponse","version":"1.1.1","serialnumber":"123456","keyname":"ok","packet":{"shellcmd":"","date":""}}
jiangyibo name informResponse
jiangyibo program tcpReport
jiangyibo jjj
jiangyibo 888{"name":"informResponse","version":"1.1.1","serialnumber":"123456","keyname":"ok","packet":{"shellcmd":"","date":""}}
jiangyibo name informResponse
jiangyibo program tcpReport
jiangyibo jjj
jiangyibo 888{"name":"informResponse","version":"1.1.1","serialnumber":"123456","keyname":"ok","packet":{"shellcmd":"","date":""}}
jiangyibo name informResponse
jiangyibo program tcpReport
jiangyibo jjj
jiangyibo 888{"name":"informResponse","version":"1.1.1","serialnumber":"123456","keyname":"ok","packet":{"shellcmd":"","date":""}}
jiangyibo name informResponse
jiangyibo program tcpReport
jiangyibo jjj
jiangyibo 888{"name":"informResponse","version":"1.1.1","serialnumber":"123456","keyname":"ok","packet":{"shellcmd":"","date":""}}
jiangyibo name informResponse
jiangyibo program tcpReport
jiangyibo jjj
jiangyibo 888{"name":"informResponse","version":"1.1.1","serialnumber":"123456","keyname":"ok","packet":{"shellcmd":"","date":""}}
jiangyibo name informResponse
jiangyibo program tcpReport
jiangyibo jjj
jiangyibo 888{"name":"informResponse","version":"1.1.1","serialnumber":"123456","keyname":"ok","packet":{"shellcmd":"","date":""}}
jiangyibo name informResponse
jiangyibo program tcpReport
jiangyibo jjj
jiangyibo 888{"name":"informResponse","version":"1.1.1","serialnumber":"123456","keyname":"ok","packet":{"shellcmd":"","date":""}}
jiangyibo name informResponse
jiangyibo program tcpReport
jiangyibo jjj
jiangyibo 888{"name":"informResponse","version":"1.1.1","serialnumber":"123456","keyname":"ok","packet":{"stcpReport: sending heartbeat #1
tcpReport: sending heartbeat #1
tcpReport: sending heartbeat #1
tcpReport: sending heartbeat #1
tcpReport: sending heartbeat #1
tcpReport: sending heartbeat #1
tcpReport: sending heartbeat #1
tcpReport: sending heartbeat #1
tcpReport: sending heartbeat #1
tcpReport: sending heartbeat #1
tcpReport: sending heartbeat #1
tcpReport: sending heartbeat #1
tcpReport: sending heartbeat #1
tcpReport: sending heartbeat #1
tcpReport: sending heartbeat #1
tcpReport: sending heartbeat #1
tcpReport: sending heartbeat #1
tcpReport: sending heartbeat #1
tcpReport: sending heartbeat #1
tcpReport: sending heartbeat #1
hellcmd":"","date":""}}
jiangyibo name informResponse
jiangyibo program tcpReport
jiangyibo jjj
jiangyibo 888{"name":"informResponse","version":"1.1.1","serialnumber":"123456","keyname":"ok","packet":{"shellcmd":"","date":""}}
jiangyibo name informResponse
jiangyibo program tcpReport
jiangyibo jjj
jiangyibo 888{"name":"informResponse","version":"1.1.1","serialnumber":"123456","keyname":"ok","packet":{"shellcmd":"","date":""}}
jiangyibo name informResponse
jiangyibo program tcpReport
jiangyibo jjj
jiangyibo 888{"name":"informResponse","version":"1.1.1","serialnumber":"123456","keyname":"ok","packet":{"shellcmd":"","date":""}}
jiangyibo name informResponse
jiangyibo program tcpReport
jiangyibo jjj
jiangyibo 888{"name":"informResponse","version":"1.1.1","serialnumber":"123456","keyname":"ok","packet":{"shellcmd":"","date":""}}
jiangyibo name informResponse
jiangyibo program tcpReport
jiangyibo jjj
jiangyibo 888{"name":"informResponse","version":"1.1.1","serialnumber":"123456","keyname":"ok","packet":{"shellcmd":"","date":""}}
jiangyibo name informResponse
jiangyibo program tcpReport
jiangyibo jjj
jiangyibo 888{"name":"informResponse","version":"1.1.1","serialnumber":"123456","keyname":"ok","packet":{"shellcmd":"","date":""}}
jiangyibo name informResponse
jiangyibo program tcpReport
jiangyibo jjj
jiangyibo 888{"name":"informResponse","version":"1.1.1","serialnumber":"123456","keyname":"ok","packet":{"shellcmd":"","date":""}}
jiangyibo name informResponse
jiangyibo program tcpReport
jiangyibo jjj
jiangyibo 888{"name":"informResponse","version":"1.1.1","serialnumber":"123456","keyname":"ok","packet":{"shellcmd":"","date":""}}
jiangyibo name informResponse
jiangyibo program tcpReport
jiangyibo jjj
jiangyibo 888{"name":"informResponse","version":"1.1.1","serialnumber":"123456","keyname":"ok","packet":{"shellcmd":"","date":""}}
jiangyibo name informResponse
jiangyibo program tcpReport
jiangyibo jjj
jiangyibo 888{"name":"informResponse","version":"1.1.1","serialnumber":"123456","keyname":"ok","packet":{"shellcmd":"","date":""}}
jiangyibo name informResponse
jiangyibo program tcpReport
jiangyibo jjj
jiangyibo 888{"name":"informResponse","version":"1.1.1","serialnumber":"123456","keyname":"ok","packet":{"shellcmd":"","date":""}}
jiangyibo name informResponse
jiangyibo program tcpReport
jiangyibo jjj
jiangyibo 888{"name":"informResponse","version":"1.1.1","serialnumber":"123456","keyname":"ok","packet":{"shellcmd":"","date":""}}
jiangyibo name informResponse
jiangyibo program tcpReport
jiangyibo jjj
jiangyibo 888{"name":"informResponse","version":"1.1.1","serialnumber":"123456","keyname":"ok","packet":{"shellcmd":"","date":""}}
jiangyibo name informResponse
jiangyibo program tcpReport
jiangyibo jjj
jiangyibo 888{"name":"informResponse","version":"1.1.1","serialnumber":"123456","keyname":"ok","packet":{"shellcmd":"","date":""}}
jiangyibo name informResponse
jiangyibo program tcpReport
jiangyibo jjj
jiangyibo 888{"name":"informResponse","version":"1.1.1","serialnumber":"123456","keyname":"ok","packet":{"shellcmd":"","date":""}}
jiangyibo name informResponse
jiangyibo program tcpReport
jiangyibo jjj
jiangyibo 888{"name":"informResponse","version":"1.1.1","serialnumber":"123456","keyname":"ok","packet":{"shellcmd":"","date":""}}
jiangyibo name informResponse
jiangyibo program tcpReport
jiangyibo jjj
jiangyibo 888{"name":"informResponse","version":"1.1.1","serialnumber":"123456","keyname":"ok","packet":{"shellcmd":"","date":""}}
jiangyibo name informResponse
jiangyibo program tcpReport
jiangyibo jjj
jiangyibo 888{"name":"informResponse","version":"1.1.1","serialnumber":"123456","keyname":"ok","packet":{"shellcmd":"","date":""}}
jiangyibo name informResponse
jiangyibo program tcpReport
jiangyibo jjj
jiangyibo 888{"name":"informResponse","version":"1.1.1","serialnumber":"123456","keyname":"ok","packet":{"shellcmd":"","date":""}}
jiangyibo name informResponse
jiangyibo program tcpReport
jiangyibo jjj
jiangyibo 888{"name":"informResponse","version":"1.1.1","serialnumber":"123456","keyname":"ok","packet":{"shellcmd":"","date":""}}
jiangyibo natcpReport: sending heartbeat #1
tcpReport: sending heartbeat #1
tcpReport: sending heartbeat #1
tcpReport: sending heartbeat #1
tcpReport: sending heartbeat #1
tcpReport: sending heartbeat #1
tcpReport: sending heartbeat #1
tcpReport: sending heartbeat #1
tcpReport: sending heartbeat #1
tcpReport: sending heartbeat #1
tcpReport: sending heartbeat #1
tcpReport: sending heartbeat #1
tcpReport: sending heartbeat #1
tcpReport: sending heartbeat #1
tcpReport: sending heartbeat #1
tcpReport: sending heartbeat #1
tcpReport: sending heartbeat #1
tcpReport: sending heartbeat #1
tcpReport: sending heartbeat #1
tcpReport: sending heartbeat #1
me informResponse
jiangyibo program tcpReport
jiangyibo jjj
jiangyibo 888{"name":"informResponse","version":"1.1.1","serialnumber":"123456","keyname":"ok","packet":{"shellcmd":"","date":""}}
jiangyibo name informResponse
jiangyibo program tcpReport
jiangyibo jjj
jiangyibo 888{"name":"informResponse","version":"1.1.1","serialnumber":"123456","keyname":"ok","packet":{"shellcmd":"","date":""}}
jiangyibo name informResponse
jiangyibo program tcpReport
jiangyibo jjj
jiangyibo 888{"name":"informResponse","version":"1.1.1","serialnumber":"123456","keyname":"ok","packet":{"shellcmd":"","date":""}}
jiangyibo name informResponse
jiangyibo program tcpReport
jiangyibo jjj
jiangyibo 888{"name":"informResponse","version":"1.1.1","serialnumber":"123456","keyname":"ok","packet":{"shellcmd":"","date":""}}
jiangyibo name informResponse
jiangyibo program tcpReport
jiangyibo jjj
jiangyibo 888{"name":"informResponse","version":"1.1.1","serialnumber":"123456","keyname":"ok","packet":{"shellcmd":"","date":""}}
jiangyibo name informResponse
jiangyibo program tcpReport
jiangyibo jjj
jiangyibo 888{"name":"informResponse","version":"1.1.1","serialnumber":"123456","keyname":"ok","packet":{"shellcmd":"","date":""}}
jiangyibo name informResponse
jiangyibo program tcpReport
jiangyibo jjj
jiangyibo 888{"name":"informResponse","version":"1.1.1","serialnumber":"123456","keyname":"ok","packet":{"shellcmd":"","date":""}}
jiangyibo name informResponse
jiangyibo program tcpReport
jiangyibo jjj
jiangyibo 888{"name":"informResponse","version":"1.1.1","serialnumber":"123456","keyname":"ok","packet":{"shellcmd":"","date":""}}
jiangyibo name informResponse
jiangyibo program tcpReport
jiangyibo jjj
jiangyibo 888{"name":"informResponse","version":"1.1.1","serialnumber":"123456","keyname":"ok","packet":{"shellcmd":"","date":""}}
jiangyibo name informResponse
jiangyibo program tcpReport
jiangyibo jjj
jiangyibo 888{"name":"informResponse","version":"1.1.1","serialnumber":"123456","keyname":"ok","packet":{"shellcmd":"","date":""}}
jiangyibo name informResponse
jiangyibo program tcpReport
jiangyibo jjj
jiangyibo 888{"name":"informResponse","version":"1.1.1","serialnumber":"123456","keyname":"ok","packet":{"shellcmd":"","date":""}}
jiangyibo name informResponse
jiangyibo program tcpReport
jiangyibo jjj
jiangyibo 888{"name":"informResponse","version":"1.1.1","serialnumber":"123456","keyname":"ok","packet":{"shellcmd":"","date":""}}
jiangyibo name informResponse
jiangyibo program tcpReport
jiangyibo jjj
jiangyibo 888{"name":"informResponse","version":"1.1.1","serialnumber":"123456","keyname":"ok","packet":{"shellcmd":"","date":""}}
jiangyibo name informResponse
jiangyibo program tcpReport
jiangyibo jjj
jiangyibo 888{"name":"informResponse","version":"1.1.1","serialnumber":"123456","keyname":"ok","packet":{"shellcmd":"","date":""}}
jiangyibo name informResponse
jiangyibo program tcpReport
jiangyibo jjj
jiangyibo 888{"name":"informResponse","version":"1.1.1","serialnumber":"123456","keyname":"ok","packet":{"shellcmd":"","date":""}}
jiangyibo name informResponse
jiangyibo program tcpReport
jiangyibo jjj
jiangyibo 888{"name":"informResponse","version":"1.1.1","serialnumber":"123456","keyname":"ok","packet":{"shellcmd":"","date":""}}
jiangyibo name informResponse
jiangyibo program tcpReport
jiangyibo jjj
jiangyibo 888{"name":"informResponse","version":"1.1.1","serialnumber":"123456","keyname":"ok","packet":{"shellcmd":"","date":""}}
jiangyibo name informResponse
jiangyibo program tcpReport
jiangyibo jjj
jiangyibo 888{"name":"informResponse","version":"1.1.1","serialnumber":"123456","keyname":"ok","packet":{"shellcmd":"","date":""}}
jiangyibo name informResponse
jiangyibo program tcpReport
jiangyibo jjj
jiangyibo 888{"name":"informResponse","version":"1.1.1","serialnumber":"123456","keyname":"ok","packet":{"shellcmd":"","date":""}}
jiangyibo name informResponse
jiangyibo program tcpReport
jiangyibo jjj
jiangyibo 888{"name":"informResponse","version":"1.1.1","serialnumber":"123456","keyname":"ok","packet":{"shellcmd":"","date":""}}
jiangyibo name informResponse
jiangyibo program tcpReport: sending heartbeat #1
tcpReport: sending heartbeat #1
tcpReport: sending heartbeat #1
tcpReport: sending heartbeat #1
tcpReport: sending heartbeat #1
tcpReport: sending heartbeat #1
tcpReport: sending heartbeat #1
tcpReport: sending heartbeat #1
tcpReport: sending heartbeat #1
tcpReport: sending heartbeat #1
tcpReport: sending heartbeat #1
tcpReport: sending heartbeat #1
tcpReport: sending heartbeat #1
tcpReport: sending heartbeat #1
tcpReport: sending heartbeat #1
tcpReport: sending heartbeat #1
tcpReport: sending heartbeat #1
tcpReport: sending heartbeat #1
tcpReport: sending heartbeat #1
tcpReport: sending heartbeat #1
tcpReport: sending heartbeat #1
tcpReport
jiangyibo jjj
jiangyibo 888{"name":"informResponse","version":"1.1.1","serialnumber":"123456","keyname":"ok","packet":{"shellcmd":"","date":""}}
jiangyibo name informResponse
jiangyibo program tcpReport
jiangyibo jjj
jiangyibo 888{"name":"informResponse","version":"1.1.1","serialnumber":"123456","keyname":"ok","packet":{"shellcmd":"","date":""}}
jiangyibo name informResponse
jiangyibo program tcpReport
jiangyibo jjj
jiangyibo 888{"name":"informResponse","version":"1.1.1","serialnumber":"123456","keyname":"ok","packet":{"shellcmd":"","date":""}}
jiangyibo name informResponse
jiangyibo program tcpReport
jiangyibo jjj
jiangyibo 888{"name":"informResponse","version":"1.1.1","serialnumber":"123456","keyname":"ok","packet":{"shellcmd":"","date":""}}
jiangyibo name informResponse
jiangyibo program tcpReport
jiangyibo jjj
jiangyibo 888{"name":"informResponse","version":"1.1.1","serialnumber":"123456","keyname":"ok","packet":{"shellcmd":"","date":""}}
jiangyibo name informResponse
jiangyibo program tcpReport
jiangyibo jjj
jiangyibo 888{"name":"informResponse","version":"1.1.1","serialnumber":"123456","keyname":"ok","packet":{"shellcmd":"","date":""}}
jiangyibo name informResponse
jiangyibo program tcpReport
jiangyibo jjj
jiangyibo 888{"name":"informResponse","version":"1.1.1","serialnumber":"123456","keyname":"ok","packet":{"shellcmd":"","date":""}}
jiangyibo name informResponse
jiangyibo program tcpReport
jiangyibo jjj
jiangyibo 888{"name":"informResponse","version":"1.1.1","serialnumber":"123456","keyname":"ok","packet":{"shellcmd":"","date":""}}
jiangyibo name informResponse
jiangyibo program tcpReport
jiangyibo jjj
jiangyibo 888{"name":"informResponse","version":"1.1.1","serialnumber":"123456","keyname":"ok","packet":{"shellcmd":"","date":""}}
jiangyibo name informResponse
jiangyibo program tcpReport
jiangyibo jjj
jiangyibo 888{"name":"informResponse","version":"1.1.1","serialnumber":"123456","keyname":"ok","packet":{"shellcmd":"","date":""}}
jiangyibo name informResponse
jiangyibo program tcpReport
jiangyibo jjj
jiangyibo 888{"name":"informResponse","version":"1.1.1","serialnumber":"123456","keyname":"ok","packet":{"shellcmd":"","date":""}}
jiangyibo name informResponse
jiangyibo program tcpReport
jiangyibo jjj
jiangyibo 888{"name":"informResponse","version":"1.1.1","serialnumber":"123456","keyname":"ok","packet":{"shellcmd":"","date":""}}
jiangyibo name informResponse
jiangyibo program tcpReport
jiangyibo jjj
jiangyibo 888{"name":"informResponse","version":"1.1.1","serialnumber":"123456","keyname":"ok","packet":{"shellcmd":"","date":""}}
jiangyibo name informResponse
jiangyibo program tcpReport
jiangyibo jjj
jiangyibo 888{"name":"informResponse","version":"1.1.1","serialnumber":"123456","keyname":"ok","packet":{"shellcmd":"","date":""}}
jiangyibo name informResponse
jiangyibo program tcpReport
jiangyibo jjj
jiangyibo 888{"name":"informResponse","version":"1.1.1","serialnumber":"123456","keyname":"ok","packet":{"shellcmd":"","date":""}}
jiangyibo name informResponse
jiangyibo program tcpReport
jiangyibo jjj
jiangyibo 888{"name":"informResponse","version":"1.1.1","serialnumber":"123456","keyname":"ok","packet":{"shellcmd":"","date":""}}
jiangyibo name informResponse
jiangyibo program tcpReport
jiangyibo jjj
jiangyibo 888{"name":"informResponse","version":"1.1.1","serialnumber":"123456","keyname":"ok","packet":{"shellcmd":"","date":""}}
jiangyibo name informResponse
jiangyibo program tcpReport
jiangyibo jjj
jiangyibo 888{"name":"informResponse","version":"1.1.1","serialnumber":"123456","keyname":"ok","packet":{"shellcmd":"","date":""}}
jiangyibo name informResponse
jiangyibo program tcpReport
jiangyibo jjj
jiangyibo 888{"name":"informResponse","version":"1.1.1","serialnumber":"123456","keyname":"ok","packet":{"shellcmd":"","date":""}}
jiangyibo name informResponse
jiangyibo program tcpReport
jiangyibo jjj
jiangyibo 888{"name":"informResponse","version":"1.1.1","serialnumber":"123456","keyname":"ok","packet":{"shellcmd":"","date":""}}
jiangyibo name informResponse
jiangyibo program tcpReport
jiangyibo jjj
jiangyibo 88tcpReport: sending heartbeat #1
tcpReport: sending heartbeat #1
tcpReport: sending heartbeat #1
tcpReport: server terminated
tcpReport: sending heartbeat #1
tcpReport: sending heartbeat #1
tcpReport: sending heartbeat #1
tcpReport: sending heartbeat #1
tcpReport: sending heartbeat #1
tcpReport: sending heartbeat #1
tcpReport: sending heartbeat #1
tcpReport: sending heartbeat #1
tcpReport: sending heartbeat #1
tcpReport: sending heartbeat #1
tcpReport: sending heartbeat #1
